<?xml version="1.0" encoding="UTF-8"?>
<!-- Generated by org.testng.reporters.JUnitReportReporter -->
<testsuite hostname="mahi" failures="0" tests="1" name="Com.MavenTesting2.TestCases.TC003_AddNewCustomer" time="10.167" errors="0" timestamp="2022-02-27T12:01:42 IST" skipped="0">
  <testcase classname="Com.MavenTesting2.TestCases.TC003_AddNewCustomer" name="addNewCustomer" time="10.167"/>
  <system-out/>
</testsuite> <!-- Com.MavenTesting2.TestCases.TC003_AddNewCustomer -->
