<?xml version="1.0" encoding="UTF-8"?>
<!-- Generated by org.testng.reporters.JUnitReportReporter -->
<testsuite hostname="mahi" failures="0" tests="1" name="Com.MavenTesting2.TestCases.TC001_LoginPage" time="3.325" errors="0" timestamp="2022-02-27T12:01:42 IST" skipped="0">
  <testcase classname="Com.MavenTesting2.TestCases.TC001_LoginPage" name="loginTest" time="3.325"/>
  <system-out/>
</testsuite> <!-- Com.MavenTesting2.TestCases.TC001_LoginPage -->
