<?xml version="1.0" encoding="UTF-8"?>
<!-- Generated by org.testng.reporters.JUnitReportReporter -->
<testsuite skipped="0" hostname="mahi" name="Com.MavenTesting2.TestCases.TC001_LoginPage" tests="1" failures="0" timestamp="2022-02-27T12:33:57 IST" time="3.294" errors="0">
  <testcase name="loginTest" time="3.294" classname="Com.MavenTesting2.TestCases.TC001_LoginPage"/>
  <system-out/>
</testsuite> <!-- Com.MavenTesting2.TestCases.TC001_LoginPage -->
