<?xml version="1.0" encoding="UTF-8"?>
<!-- Generated by org.testng.reporters.JUnitReportReporter -->
<testsuite skipped="0" hostname="mahi" name="Com.MavenTesting2.TestCases.TC003_AddNewCustomer" tests="1" failures="0" timestamp="2022-02-27T12:33:57 IST" time="10.035" errors="0">
  <testcase name="addNewCustomer" time="10.035" classname="Com.MavenTesting2.TestCases.TC003_AddNewCustomer"/>
  <system-out/>
</testsuite> <!-- Com.MavenTesting2.TestCases.TC003_AddNewCustomer -->
