<?xml version="1.0" encoding="UTF-8"?>
<!-- Generated by org.testng.reporters.JUnitReportReporter -->
<testsuite skipped="0" hostname="mahi" name="Com.MavenTesting2.TestCases.TC003_AddNewCustomer" tests="1" failures="0" timestamp="2022-02-27T17:27:33 IST" time="13.407" errors="0">
  <testcase name="addNewCustomer" time="13.407" classname="Com.MavenTesting2.TestCases.TC003_AddNewCustomer"/>
  <system-out/>
</testsuite> <!-- Com.MavenTesting2.TestCases.TC003_AddNewCustomer -->
